0 info it worked if it ends with ok
1 verbose cli [ 'node',
1 verbose cli   '/Users/alonsoholmes/.nvm/v0.10.23/bin/npm',
1 verbose cli   'install',
1 verbose cli   '--save' ]
2 info using npm@1.4.4
3 info using node@v0.10.23
4 error install Couldn't read dependencies
5 error Failed to parse json
5 error Unexpected token /
6 error File: /Users/alonsoholmes/Developer/shortwave-web/package.json
7 error Failed to parse package.json data.
7 error package.json must be actual JSON, not just JavaScript.
7 error
7 error This is not a bug in npm.
7 error Tell the package author to fix their package.json file. JSON.parse
8 error System Darwin 14.0.0
9 error command "node" "/Users/alonsoholmes/.nvm/v0.10.23/bin/npm" "install" "--save"
10 error cwd /Users/alonsoholmes/Developer/shortwave-web
11 error node -v v0.10.23
12 error npm -v 1.4.4
13 error file /Users/alonsoholmes/Developer/shortwave-web/package.json
14 error code EJSONPARSE
15 verbose exit [ 1, true ]
